app/build/intermediates/manifest_merge_blame_file/debug/processDebugMainManifest/manifest-merger-blame-debug-report.txt
1<?xml version="1.0" encoding="utf-8"?>
2<manifest xmlns:android="http://schemas.android.com/apk/res/android"
3    package="tech.estacionkus.camerastream.debug"
4    android:versionCode="4"
5    android:versionName="3.0.0-beta-debug" >
6
7    <uses-sdk
8        android:minSdkVersion="26"
9        android:targetSdkVersion="35" />
10
11    <!-- Network -->
12    <uses-permission android:name="android.permission.INTERNET" />
12-->src/main/AndroidManifest.xml:5:5-67
12-->src/main/AndroidManifest.xml:5:22-64
13    <uses-permission android:name="android.permission.ACCESS_NETWORK_STATE" />
13-->src/main/AndroidManifest.xml:6:5-79
13-->src/main/AndroidManifest.xml:6:22-76
14    <uses-permission android:name="android.permission.ACCESS_WIFI_STATE" />
14-->src/main/AndroidManifest.xml:7:5-76
14-->src/main/AndroidManifest.xml:7:22-73
15    <uses-permission android:name="android.permission.CHANGE_WIFI_MULTICAST_STATE" />
15-->src/main/AndroidManifest.xml:8:5-86
15-->src/main/AndroidManifest.xml:8:22-83
16
17    <!-- Camera & Audio -->
18    <uses-permission android:name="android.permission.CAMERA" />
18-->src/main/AndroidManifest.xml:11:5-65
18-->src/main/AndroidManifest.xml:11:22-62
19    <uses-permission android:name="android.permission.RECORD_AUDIO" />
19-->src/main/AndroidManifest.xml:12:5-71
19-->src/main/AndroidManifest.xml:12:22-68
20    <uses-permission android:name="android.permission.MODIFY_AUDIO_SETTINGS" />
20-->src/main/AndroidManifest.xml:13:5-80
20-->src/main/AndroidManifest.xml:13:22-77
21
22    <!-- Storage (recording) -->
23    <uses-permission
23-->src/main/AndroidManifest.xml:16:5-17:38
24        android:name="android.permission.WRITE_EXTERNAL_STORAGE"
24-->src/main/AndroidManifest.xml:16:22-78
25        android:maxSdkVersion="28" />
25-->src/main/AndroidManifest.xml:17:9-35
26    <uses-permission
26-->src/main/AndroidManifest.xml:18:5-19:38
27        android:name="android.permission.READ_EXTERNAL_STORAGE"
27-->src/main/AndroidManifest.xml:18:22-77
28        android:maxSdkVersion="32" />
28-->src/main/AndroidManifest.xml:19:9-35
29    <uses-permission android:name="android.permission.READ_MEDIA_VIDEO" />
29-->src/main/AndroidManifest.xml:20:5-75
29-->src/main/AndroidManifest.xml:20:22-72
30    <uses-permission android:name="android.permission.READ_MEDIA_IMAGES" />
30-->src/main/AndroidManifest.xml:21:5-76
30-->src/main/AndroidManifest.xml:21:22-73
31
32    <!-- Foreground service for background streaming -->
33    <uses-permission android:name="android.permission.FOREGROUND_SERVICE" />
33-->src/main/AndroidManifest.xml:24:5-77
33-->src/main/AndroidManifest.xml:24:22-74
34    <uses-permission android:name="android.permission.FOREGROUND_SERVICE_CAMERA" />
34-->src/main/AndroidManifest.xml:25:5-84
34-->src/main/AndroidManifest.xml:25:22-81
35    <uses-permission android:name="android.permission.FOREGROUND_SERVICE_MICROPHONE" />
35-->src/main/AndroidManifest.xml:26:5-88
35-->src/main/AndroidManifest.xml:26:22-85
36    <uses-permission android:name="android.permission.POST_NOTIFICATIONS" />
36-->src/main/AndroidManifest.xml:27:5-77
36-->src/main/AndroidManifest.xml:27:22-74
37    <uses-permission android:name="android.permission.WAKE_LOCK" />
37-->src/main/AndroidManifest.xml:28:5-68
37-->src/main/AndroidManifest.xml:28:22-65
38
39    <!-- Hardware features -->
40    <uses-feature
40-->src/main/AndroidManifest.xml:31:5-84
41        android:name="android.hardware.camera"
41-->src/main/AndroidManifest.xml:31:19-57
42        android:required="true" />
42-->src/main/AndroidManifest.xml:31:58-81
43    <uses-feature
43-->src/main/AndroidManifest.xml:32:5-95
44        android:name="android.hardware.camera.autofocus"
44-->src/main/AndroidManifest.xml:32:19-67
45        android:required="false" />
45-->src/main/AndroidManifest.xml:32:68-92
46    <uses-feature
46-->src/main/AndroidManifest.xml:33:5-88
47        android:name="android.hardware.microphone"
47-->src/main/AndroidManifest.xml:33:19-61
48        android:required="true" />
48-->src/main/AndroidManifest.xml:33:62-85
49
50    <queries>
50-->[androidx.camera:camera-extensions:1.4.2] AndroidManifest.xml:22:5-26:15
51        <intent>
51-->[androidx.camera:camera-extensions:1.4.2] AndroidManifest.xml:23:9-25:18
52            <action android:name="androidx.camera.extensions.action.VENDOR_ACTION" />
52-->[androidx.camera:camera-extensions:1.4.2] AndroidManifest.xml:24:13-86
52-->[androidx.camera:camera-extensions:1.4.2] AndroidManifest.xml:24:21-83
53        </intent>
54    </queries>
55
56    <uses-permission android:name="android.permission.RECEIVE_BOOT_COMPLETED" />
56-->[androidx.work:work-runtime:2.10.0] AndroidManifest.xml:25:5-81
56-->[androidx.work:work-runtime:2.10.0] AndroidManifest.xml:25:22-78
57
58    <permission
58-->[androidx.core:core:1.16.0] AndroidManifest.xml:22:5-24:47
59        android:name="tech.estacionkus.camerastream.debug.DYNAMIC_RECEIVER_NOT_EXPORTED_PERMISSION"
59-->[androidx.core:core:1.16.0] AndroidManifest.xml:23:9-81
60        android:protectionLevel="signature" />
60-->[androidx.core:core:1.16.0] AndroidManifest.xml:24:9-44
61
62    <uses-permission android:name="tech.estacionkus.camerastream.debug.DYNAMIC_RECEIVER_NOT_EXPORTED_PERMISSION" />
62-->[androidx.core:core:1.16.0] AndroidManifest.xml:26:5-97
62-->[androidx.core:core:1.16.0] AndroidManifest.xml:26:22-94
63
64    <application
64-->src/main/AndroidManifest.xml:35:5-64:19
65        android:name="tech.estacionkus.camerastream.CameraStreamApp"
65-->src/main/AndroidManifest.xml:36:9-40
66        android:allowBackup="false"
66-->src/main/AndroidManifest.xml:37:9-36
67        android:appComponentFactory="androidx.core.app.CoreComponentFactory"
67-->[androidx.core:core:1.16.0] AndroidManifest.xml:28:18-86
68        android:debuggable="true"
69        android:extractNativeLibs="true"
70        android:hardwareAccelerated="true"
70-->src/main/AndroidManifest.xml:43:9-43
71        android:icon="@mipmap/ic_launcher"
71-->src/main/AndroidManifest.xml:38:9-43
72        android:label="@string/app_name"
72-->src/main/AndroidManifest.xml:39:9-41
73        android:largeHeap="true"
73-->src/main/AndroidManifest.xml:44:9-33
74        android:roundIcon="@mipmap/ic_launcher_round"
74-->src/main/AndroidManifest.xml:40:9-54
75        android:supportsRtl="true"
75-->src/main/AndroidManifest.xml:41:9-35
76        android:theme="@style/Theme.CameraStream" >
76-->src/main/AndroidManifest.xml:42:9-50
77        <activity
77-->src/main/AndroidManifest.xml:46:9-56:20
78            android:name="tech.estacionkus.camerastream.MainActivity"
78-->src/main/AndroidManifest.xml:47:13-41
79            android:configChanges="orientation|keyboardHidden|screenSize"
79-->src/main/AndroidManifest.xml:51:13-74
80            android:exported="true"
80-->src/main/AndroidManifest.xml:48:13-36
81            android:screenOrientation="portrait"
81-->src/main/AndroidManifest.xml:50:13-49
82            android:theme="@style/Theme.CameraStream.SplashScreen" >
82-->src/main/AndroidManifest.xml:49:13-67
83            <intent-filter>
83-->src/main/AndroidManifest.xml:52:13-55:29
84                <action android:name="android.intent.action.MAIN" />
84-->src/main/AndroidManifest.xml:53:17-69
84-->src/main/AndroidManifest.xml:53:25-66
85
86                <category android:name="android.intent.category.LAUNCHER" />
86-->src/main/AndroidManifest.xml:54:17-77
86-->src/main/AndroidManifest.xml:54:27-74
87            </intent-filter>
88        </activity>
89
90        <!-- Foreground streaming service -->
91        <service
91-->src/main/AndroidManifest.xml:59:9-62:65
92            android:name="tech.estacionkus.camerastream.service.StreamForegroundService"
92-->src/main/AndroidManifest.xml:60:13-60
93            android:exported="false"
93-->src/main/AndroidManifest.xml:61:13-37
94            android:foregroundServiceType="camera|microphone" />
94-->src/main/AndroidManifest.xml:62:13-62
95
96        <activity
96-->[androidx.compose.ui:ui-tooling-android:1.10.5] AndroidManifest.xml:23:9-25:39
97            android:name="androidx.compose.ui.tooling.PreviewActivity"
97-->[androidx.compose.ui:ui-tooling-android:1.10.5] AndroidManifest.xml:24:13-71
98            android:exported="true" />
98-->[androidx.compose.ui:ui-tooling-android:1.10.5] AndroidManifest.xml:25:13-36
99        <activity
99-->[androidx.compose.ui:ui-test-manifest:1.10.5] AndroidManifest.xml:23:9-26:79
100            android:name="androidx.activity.ComponentActivity"
100-->[androidx.compose.ui:ui-test-manifest:1.10.5] AndroidManifest.xml:24:13-63
101            android:exported="true"
101-->[androidx.compose.ui:ui-test-manifest:1.10.5] AndroidManifest.xml:25:13-36
102            android:theme="@android:style/Theme.Material.Light.NoActionBar" />
102-->[androidx.compose.ui:ui-test-manifest:1.10.5] AndroidManifest.xml:26:13-76
103
104        <uses-library
104-->[androidx.camera:camera-extensions:1.4.2] AndroidManifest.xml:29:9-31:40
105            android:name="androidx.camera.extensions.impl"
105-->[androidx.camera:camera-extensions:1.4.2] AndroidManifest.xml:30:13-59
106            android:required="false" />
106-->[androidx.camera:camera-extensions:1.4.2] AndroidManifest.xml:31:13-37
107
108        <service
108-->[androidx.camera:camera-camera2:1.4.2] AndroidManifest.xml:24:9-33:19
109            android:name="androidx.camera.core.impl.MetadataHolderService"
109-->[androidx.camera:camera-camera2:1.4.2] AndroidManifest.xml:25:13-75
110            android:enabled="false"
110-->[androidx.camera:camera-camera2:1.4.2] AndroidManifest.xml:26:13-36
111            android:exported="false" >
111-->[androidx.camera:camera-camera2:1.4.2] AndroidManifest.xml:27:13-37
112            <meta-data
112-->[androidx.camera:camera-camera2:1.4.2] AndroidManifest.xml:30:13-32:89
113                android:name="androidx.camera.core.impl.MetadataHolderService.DEFAULT_CONFIG_PROVIDER"
113-->[androidx.camera:camera-camera2:1.4.2] AndroidManifest.xml:31:17-103
114                android:value="androidx.camera.camera2.Camera2Config$DefaultProvider" />
114-->[androidx.camera:camera-camera2:1.4.2] AndroidManifest.xml:32:17-86
115        </service>
116
117        <provider
117-->[androidx.work:work-runtime:2.10.0] AndroidManifest.xml:29:9-37:20
118            android:name="androidx.startup.InitializationProvider"
118-->[androidx.work:work-runtime:2.10.0] AndroidManifest.xml:30:13-67
119            android:authorities="tech.estacionkus.camerastream.debug.androidx-startup"
119-->[androidx.work:work-runtime:2.10.0] AndroidManifest.xml:31:13-68
120            android:exported="false" >
120-->[androidx.work:work-runtime:2.10.0] AndroidManifest.xml:32:13-37
121            <meta-data
121-->[androidx.work:work-runtime:2.10.0] AndroidManifest.xml:34:13-36:52
122                android:name="androidx.work.WorkManagerInitializer"
122-->[androidx.work:work-runtime:2.10.0] AndroidManifest.xml:35:17-68
123                android:value="androidx.startup" />
123-->[androidx.work:work-runtime:2.10.0] AndroidManifest.xml:36:17-49
124            <meta-data
124-->[io.github.jan-tennert.supabase:auth-kt-android-debug:3.1.4] AndroidManifest.xml:14:13-16:52
125                android:name="io.github.jan.supabase.auth.SupabaseInitializer"
125-->[io.github.jan-tennert.supabase:auth-kt-android-debug:3.1.4] AndroidManifest.xml:15:17-79
126                android:value="androidx.startup" />
126-->[io.github.jan-tennert.supabase:auth-kt-android-debug:3.1.4] AndroidManifest.xml:16:17-49
127            <meta-data
127-->[androidx.emoji2:emoji2:1.4.0] AndroidManifest.xml:29:13-31:52
128                android:name="androidx.emoji2.text.EmojiCompatInitializer"
128-->[androidx.emoji2:emoji2:1.4.0] AndroidManifest.xml:30:17-75
129                android:value="androidx.startup" />
129-->[androidx.emoji2:emoji2:1.4.0] AndroidManifest.xml:31:17-49
130            <meta-data
130-->[androidx.lifecycle:lifecycle-process:2.9.4] AndroidManifest.xml:29:13-31:52
131                android:name="androidx.lifecycle.ProcessLifecycleInitializer"
131-->[androidx.lifecycle:lifecycle-process:2.9.4] AndroidManifest.xml:30:17-78
132                android:value="androidx.startup" />
132-->[androidx.lifecycle:lifecycle-process:2.9.4] AndroidManifest.xml:31:17-49
133            <meta-data
133-->[androidx.profileinstaller:profileinstaller:1.4.1] AndroidManifest.xml:29:13-31:52
134                android:name="androidx.profileinstaller.ProfileInstallerInitializer"
134-->[androidx.profileinstaller:profileinstaller:1.4.1] AndroidManifest.xml:30:17-85
135                android:value="androidx.startup" />
135-->[androidx.profileinstaller:profileinstaller:1.4.1] AndroidManifest.xml:31:17-49
136            <meta-data
136-->[com.russhwolf:multiplatform-settings-no-arg-android-debug:1.3.0] AndroidManifest.xml:29:13-31:52
137                android:name="com.russhwolf.settings.SettingsInitializer"
137-->[com.russhwolf:multiplatform-settings-no-arg-android-debug:1.3.0] AndroidManifest.xml:30:17-74
138                android:value="androidx.startup" />
138-->[com.russhwolf:multiplatform-settings-no-arg-android-debug:1.3.0] AndroidManifest.xml:31:17-49
139        </provider>
140
141        <service
141-->[androidx.work:work-runtime:2.10.0] AndroidManifest.xml:39:9-45:35
142            android:name="androidx.work.impl.background.systemalarm.SystemAlarmService"
142-->[androidx.work:work-runtime:2.10.0] AndroidManifest.xml:40:13-88
143            android:directBootAware="false"
143-->[androidx.work:work-runtime:2.10.0] AndroidManifest.xml:41:13-44
144            android:enabled="@bool/enable_system_alarm_service_default"
144-->[androidx.work:work-runtime:2.10.0] AndroidManifest.xml:42:13-72
145            android:exported="false" />
145-->[androidx.work:work-runtime:2.10.0] AndroidManifest.xml:43:13-37
146        <service
146-->[androidx.work:work-runtime:2.10.0] AndroidManifest.xml:46:9-52:35
147            android:name="androidx.work.impl.background.systemjob.SystemJobService"
147-->[androidx.work:work-runtime:2.10.0] AndroidManifest.xml:47:13-84
148            android:directBootAware="false"
148-->[androidx.work:work-runtime:2.10.0] AndroidManifest.xml:48:13-44
149            android:enabled="@bool/enable_system_job_service_default"
149-->[androidx.work:work-runtime:2.10.0] AndroidManifest.xml:49:13-70
150            android:exported="true"
150-->[androidx.work:work-runtime:2.10.0] AndroidManifest.xml:50:13-36
151            android:permission="android.permission.BIND_JOB_SERVICE" />
151-->[androidx.work:work-runtime:2.10.0] AndroidManifest.xml:51:13-69
152        <service
152-->[androidx.work:work-runtime:2.10.0] AndroidManifest.xml:53:9-59:35
153            android:name="androidx.work.impl.foreground.SystemForegroundService"
153-->[androidx.work:work-runtime:2.10.0] AndroidManifest.xml:54:13-81
154            android:directBootAware="false"
154-->[androidx.work:work-runtime:2.10.0] AndroidManifest.xml:55:13-44
155            android:enabled="@bool/enable_system_foreground_service_default"
155-->[androidx.work:work-runtime:2.10.0] AndroidManifest.xml:56:13-77
156            android:exported="false" />
156-->[androidx.work:work-runtime:2.10.0] AndroidManifest.xml:57:13-37
157
158        <receiver
158-->[androidx.work:work-runtime:2.10.0] AndroidManifest.xml:61:9-66:35
159            android:name="androidx.work.impl.utils.ForceStopRunnable$BroadcastReceiver"
159-->[androidx.work:work-runtime:2.10.0] AndroidManifest.xml:62:13-88
160            android:directBootAware="false"
160-->[androidx.work:work-runtime:2.10.0] AndroidManifest.xml:63:13-44
161            android:enabled="true"
161-->[androidx.work:work-runtime:2.10.0] AndroidManifest.xml:64:13-35
162            android:exported="false" />
162-->[androidx.work:work-runtime:2.10.0] AndroidManifest.xml:65:13-37
163        <receiver
163-->[androidx.work:work-runtime:2.10.0] AndroidManifest.xml:67:9-77:20
164            android:name="androidx.work.impl.background.systemalarm.ConstraintProxy$BatteryChargingProxy"
164-->[androidx.work:work-runtime:2.10.0] AndroidManifest.xml:68:13-106
165            android:directBootAware="false"
165-->[androidx.work:work-runtime:2.10.0] AndroidManifest.xml:69:13-44
166            android:enabled="false"
166-->[androidx.work:work-runtime:2.10.0] AndroidManifest.xml:70:13-36
167            android:exported="false" >
167-->[androidx.work:work-runtime:2.10.0] AndroidManifest.xml:71:13-37
168            <intent-filter>
168-->[androidx.work:work-runtime:2.10.0] AndroidManifest.xml:73:13-76:29
169                <action android:name="android.intent.action.ACTION_POWER_CONNECTED" />
169-->[androidx.work:work-runtime:2.10.0] AndroidManifest.xml:74:17-87
169-->[androidx.work:work-runtime:2.10.0] AndroidManifest.xml:74:25-84
170                <action android:name="android.intent.action.ACTION_POWER_DISCONNECTED" />
170-->[androidx.work:work-runtime:2.10.0] AndroidManifest.xml:75:17-90
170-->[androidx.work:work-runtime:2.10.0] AndroidManifest.xml:75:25-87
171            </intent-filter>
172        </receiver>
173        <receiver
173-->[androidx.work:work-runtime:2.10.0] AndroidManifest.xml:78:9-88:20
174            android:name="androidx.work.impl.background.systemalarm.ConstraintProxy$BatteryNotLowProxy"
174-->[androidx.work:work-runtime:2.10.0] AndroidManifest.xml:79:13-104
175            android:directBootAware="false"
175-->[androidx.work:work-runtime:2.10.0] AndroidManifest.xml:80:13-44
176            android:enabled="false"
176-->[androidx.work:work-runtime:2.10.0] AndroidManifest.xml:81:13-36
177            android:exported="false" >
177-->[androidx.work:work-runtime:2.10.0] AndroidManifest.xml:82:13-37
178            <intent-filter>
178-->[androidx.work:work-runtime:2.10.0] AndroidManifest.xml:84:13-87:29
179                <action android:name="android.intent.action.BATTERY_OKAY" />
179-->[androidx.work:work-runtime:2.10.0] AndroidManifest.xml:85:17-77
179-->[androidx.work:work-runtime:2.10.0] AndroidManifest.xml:85:25-74
180                <action android:name="android.intent.action.BATTERY_LOW" />
180-->[androidx.work:work-runtime:2.10.0] AndroidManifest.xml:86:17-76
180-->[androidx.work:work-runtime:2.10.0] AndroidManifest.xml:86:25-73
181            </intent-filter>
182        </receiver>
183        <receiver
183-->[androidx.work:work-runtime:2.10.0] AndroidManifest.xml:89:9-99:20
184            android:name="androidx.work.impl.background.systemalarm.ConstraintProxy$StorageNotLowProxy"
184-->[androidx.work:work-runtime:2.10.0] AndroidManifest.xml:90:13-104
185            android:directBootAware="false"
185-->[androidx.work:work-runtime:2.10.0] AndroidManifest.xml:91:13-44
186            android:enabled="false"
186-->[androidx.work:work-runtime:2.10.0] AndroidManifest.xml:92:13-36
187            android:exported="false" >
187-->[androidx.work:work-runtime:2.10.0] AndroidManifest.xml:93:13-37
188            <intent-filter>
188-->[androidx.work:work-runtime:2.10.0] AndroidManifest.xml:95:13-98:29
189                <action android:name="android.intent.action.DEVICE_STORAGE_LOW" />
189-->[androidx.work:work-runtime:2.10.0] AndroidManifest.xml:96:17-83
189-->[androidx.work:work-runtime:2.10.0] AndroidManifest.xml:96:25-80
190                <action android:name="android.intent.action.DEVICE_STORAGE_OK" />
190-->[androidx.work:work-runtime:2.10.0] AndroidManifest.xml:97:17-82
190-->[androidx.work:work-runtime:2.10.0] AndroidManifest.xml:97:25-79
191            </intent-filter>
192        </receiver>
193        <receiver
193-->[androidx.work:work-runtime:2.10.0] AndroidManifest.xml:100:9-109:20
194            android:name="androidx.work.impl.background.systemalarm.ConstraintProxy$NetworkStateProxy"
194-->[androidx.work:work-runtime:2.10.0] AndroidManifest.xml:101:13-103
195            android:directBootAware="false"
195-->[androidx.work:work-runtime:2.10.0] AndroidManifest.xml:102:13-44
196            android:enabled="false"
196-->[androidx.work:work-runtime:2.10.0] AndroidManifest.xml:103:13-36
197            android:exported="false" >
197-->[androidx.work:work-runtime:2.10.0] AndroidManifest.xml:104:13-37
198            <intent-filter>
198-->[androidx.work:work-runtime:2.10.0] AndroidManifest.xml:106:13-108:29
199                <action android:name="android.net.conn.CONNECTIVITY_CHANGE" />
199-->[androidx.work:work-runtime:2.10.0] AndroidManifest.xml:107:17-79
199-->[androidx.work:work-runtime:2.10.0] AndroidManifest.xml:107:25-76
200            </intent-filter>
201        </receiver>
202        <receiver
202-->[androidx.work:work-runtime:2.10.0] AndroidManifest.xml:110:9-121:20
203            android:name="androidx.work.impl.background.systemalarm.RescheduleReceiver"
203-->[androidx.work:work-runtime:2.10.0] AndroidManifest.xml:111:13-88
204            android:directBootAware="false"
204-->[androidx.work:work-runtime:2.10.0] AndroidManifest.xml:112:13-44
205            android:enabled="false"
205-->[androidx.work:work-runtime:2.10.0] AndroidManifest.xml:113:13-36
206            android:exported="false" >
206-->[androidx.work:work-runtime:2.10.0] AndroidManifest.xml:114:13-37
207            <intent-filter>
207-->[androidx.work:work-runtime:2.10.0] AndroidManifest.xml:116:13-120:29
208                <action android:name="android.intent.action.BOOT_COMPLETED" />
208-->[androidx.work:work-runtime:2.10.0] AndroidManifest.xml:117:17-79
208-->[androidx.work:work-runtime:2.10.0] AndroidManifest.xml:117:25-76
209                <action android:name="android.intent.action.TIME_SET" />
209-->[androidx.work:work-runtime:2.10.0] AndroidManifest.xml:118:17-73
209-->[androidx.work:work-runtime:2.10.0] AndroidManifest.xml:118:25-70
210                <action android:name="android.intent.action.TIMEZONE_CHANGED" />
210-->[androidx.work:work-runtime:2.10.0] AndroidManifest.xml:119:17-81
210-->[androidx.work:work-runtime:2.10.0] AndroidManifest.xml:119:25-78
211            </intent-filter>
212        </receiver>
213        <receiver
213-->[androidx.work:work-runtime:2.10.0] AndroidManifest.xml:122:9-131:20
214            android:name="androidx.work.impl.background.systemalarm.ConstraintProxyUpdateReceiver"
214-->[androidx.work:work-runtime:2.10.0] AndroidManifest.xml:123:13-99
215            android:directBootAware="false"
215-->[androidx.work:work-runtime:2.10.0] AndroidManifest.xml:124:13-44
216            android:enabled="@bool/enable_system_alarm_service_default"
216-->[androidx.work:work-runtime:2.10.0] AndroidManifest.xml:125:13-72
217            android:exported="false" >
217-->[androidx.work:work-runtime:2.10.0] AndroidManifest.xml:126:13-37
218            <intent-filter>
218-->[androidx.work:work-runtime:2.10.0] AndroidManifest.xml:128:13-130:29
219                <action android:name="androidx.work.impl.background.systemalarm.UpdateProxies" />
219-->[androidx.work:work-runtime:2.10.0] AndroidManifest.xml:129:17-98
219-->[androidx.work:work-runtime:2.10.0] AndroidManifest.xml:129:25-95
220            </intent-filter>
221        </receiver>
222        <receiver
222-->[androidx.work:work-runtime:2.10.0] AndroidManifest.xml:132:9-142:20
223            android:name="androidx.work.impl.diagnostics.DiagnosticsReceiver"
223-->[androidx.work:work-runtime:2.10.0] AndroidManifest.xml:133:13-78
224            android:directBootAware="false"
224-->[androidx.work:work-runtime:2.10.0] AndroidManifest.xml:134:13-44
225            android:enabled="true"
225-->[androidx.work:work-runtime:2.10.0] AndroidManifest.xml:135:13-35
226            android:exported="true"
226-->[androidx.work:work-runtime:2.10.0] AndroidManifest.xml:136:13-36
227            android:permission="android.permission.DUMP" >
227-->[androidx.work:work-runtime:2.10.0] AndroidManifest.xml:137:13-57
228            <intent-filter>
228-->[androidx.work:work-runtime:2.10.0] AndroidManifest.xml:139:13-141:29
229                <action android:name="androidx.work.diagnostics.REQUEST_DIAGNOSTICS" />
229-->[androidx.work:work-runtime:2.10.0] AndroidManifest.xml:140:17-88
229-->[androidx.work:work-runtime:2.10.0] AndroidManifest.xml:140:25-85
230            </intent-filter>
231        </receiver>
232
233        <uses-library
233-->[androidx.window:window:1.5.0] AndroidManifest.xml:23:9-25:40
234            android:name="androidx.window.extensions"
234-->[androidx.window:window:1.5.0] AndroidManifest.xml:24:13-54
235            android:required="false" />
235-->[androidx.window:window:1.5.0] AndroidManifest.xml:25:13-37
236        <uses-library
236-->[androidx.window:window:1.5.0] AndroidManifest.xml:26:9-28:40
237            android:name="androidx.window.sidecar"
237-->[androidx.window:window:1.5.0] AndroidManifest.xml:27:13-51
238            android:required="false" />
238-->[androidx.window:window:1.5.0] AndroidManifest.xml:28:13-37
239
240        <service
240-->[androidx.room:room-runtime:2.6.1] AndroidManifest.xml:24:9-28:63
241            android:name="androidx.room.MultiInstanceInvalidationService"
241-->[androidx.room:room-runtime:2.6.1] AndroidManifest.xml:25:13-74
242            android:directBootAware="true"
242-->[androidx.room:room-runtime:2.6.1] AndroidManifest.xml:26:13-43
243            android:exported="false" />
243-->[androidx.room:room-runtime:2.6.1] AndroidManifest.xml:27:13-37
244
245        <receiver
245-->[androidx.profileinstaller:profileinstaller:1.4.1] AndroidManifest.xml:34:9-52:20
246            android:name="androidx.profileinstaller.ProfileInstallReceiver"
246-->[androidx.profileinstaller:profileinstaller:1.4.1] AndroidManifest.xml:35:13-76
247            android:directBootAware="false"
247-->[androidx.profileinstaller:profileinstaller:1.4.1] AndroidManifest.xml:36:13-44
248            android:enabled="true"
248-->[androidx.profileinstaller:profileinstaller:1.4.1] AndroidManifest.xml:37:13-35
249            android:exported="true"
249-->[androidx.profileinstaller:profileinstaller:1.4.1] AndroidManifest.xml:38:13-36
250            android:permission="android.permission.DUMP" >
250-->[androidx.profileinstaller:profileinstaller:1.4.1] AndroidManifest.xml:39:13-57
251            <intent-filter>
251-->[androidx.profileinstaller:profileinstaller:1.4.1] AndroidManifest.xml:40:13-42:29
252                <action android:name="androidx.profileinstaller.action.INSTALL_PROFILE" />
252-->[androidx.profileinstaller:profileinstaller:1.4.1] AndroidManifest.xml:41:17-91
252-->[androidx.profileinstaller:profileinstaller:1.4.1] AndroidManifest.xml:41:25-88
253            </intent-filter>
254            <intent-filter>
254-->[androidx.profileinstaller:profileinstaller:1.4.1] AndroidManifest.xml:43:13-45:29
255                <action android:name="androidx.profileinstaller.action.SKIP_FILE" />
255-->[androidx.profileinstaller:profileinstaller:1.4.1] AndroidManifest.xml:44:17-85
255-->[androidx.profileinstaller:profileinstaller:1.4.1] AndroidManifest.xml:44:25-82
256            </intent-filter>
257            <intent-filter>
257-->[androidx.profileinstaller:profileinstaller:1.4.1] AndroidManifest.xml:46:13-48:29
258                <action android:name="androidx.profileinstaller.action.SAVE_PROFILE" />
258-->[androidx.profileinstaller:profileinstaller:1.4.1] AndroidManifest.xml:47:17-88
258-->[androidx.profileinstaller:profileinstaller:1.4.1] AndroidManifest.xml:47:25-85
259            </intent-filter>
260            <intent-filter>
260-->[androidx.profileinstaller:profileinstaller:1.4.1] AndroidManifest.xml:49:13-51:29
261                <action android:name="androidx.profileinstaller.action.BENCHMARK_OPERATION" />
261-->[androidx.profileinstaller:profileinstaller:1.4.1] AndroidManifest.xml:50:17-95
261-->[androidx.profileinstaller:profileinstaller:1.4.1] AndroidManifest.xml:50:25-92
262            </intent-filter>
263        </receiver>
264    </application>
265
266</manifest>